<?xml version="1.0" encoding="UTF-8"?>
<!-- Generated by org.testng.reporters.JUnitReportReporter -->
<testsuite hostname="DESKTOP-4KQ2T9G" failures="0" tests="9" name="TestNg.Priority_invocation_Enabled" time="0.193" errors="0" timestamp="2023-10-04T20:18:29 IST" skipped="0">
  <testcase classname="TestNg.Priority_invocation_Enabled" name="demo2" time="0.022"/>
  <testcase classname="TestNg.Priority_invocation_Enabled" name="demo2" time="0.020"/>
  <testcase classname="TestNg.Priority_invocation_Enabled" name="demo2" time="0.016"/>
  <testcase classname="TestNg.Priority_invocation_Enabled" name="demo2" time="0.061"/>
  <testcase classname="TestNg.Priority_invocation_Enabled" name="demo1" time="0.011"/>
  <testcase classname="TestNg.Priority_invocation_Enabled" name="demo1" time="0.030"/>
  <testcase classname="TestNg.Priority_invocation_Enabled" name="demo1" time="0.014"/>
  <testcase classname="TestNg.Priority_invocation_Enabled" name="demo" time="0.016"/>
  <testcase classname="TestNg.Priority_invocation_Enabled" name="demo" time="0.003"/>
</testsuite> <!-- TestNg.Priority_invocation_Enabled -->
