<?xml version="1.0" encoding="UTF-8"?>
<!-- Generated by org.testng.reporters.JUnitReportReporter -->
<testsuite hostname="DESKTOP-4KQ2T9G" failures="0" tests="1" name="TestNGGroup.Sample2" time="0.012" errors="0" timestamp="2023-10-05T20:38:42 IST" skipped="0">
  <testcase classname="TestNGGroup.Sample2" name="demo6" time="0.012"/>
</testsuite> <!-- TestNGGroup.Sample2 -->
