<?xml version="1.0" encoding="UTF-8"?>
<!-- Generated by org.testng.reporters.JUnitReportReporter -->
<testsuite hostname="DESKTOP-4KQ2T9G" failures="0" tests="1" name="TestNg_Sequential.Facebook" time="19.414" errors="0" timestamp="2023-10-04T20:36:27 IST" skipped="0">
  <testcase classname="TestNg_Sequential.Facebook" name="fb" time="19.414"/>
</testsuite> <!-- TestNg_Sequential.Facebook -->
