<?xml version="1.0" encoding="UTF-8"?>
<!-- Generated by org.testng.reporters.JUnitReportReporter -->
<testsuite hostname="DESKTOP-4KQ2T9G" failures="0" tests="1" name="TestNg_Sequential.Amazon" time="27.824" errors="0" timestamp="2023-10-07T20:30:22 IST" skipped="0">
  <testcase classname="TestNg_Sequential.Amazon" name="amazon" time="27.824"/>
</testsuite> <!-- TestNg_Sequential.Amazon -->
