<?xml version="1.0" encoding="UTF-8"?>
<!-- Generated by org.testng.reporters.JUnitReportReporter -->
<testsuite hostname="DESKTOP-4KQ2T9G" failures="0" tests="1" name="TestNg_Sequential.Snapdeal" time="15.049" errors="0" timestamp="2023-10-04T20:36:27 IST" skipped="0">
  <testcase classname="TestNg_Sequential.Snapdeal" name="sd" time="15.049"/>
</testsuite> <!-- TestNg_Sequential.Snapdeal -->
